<?xml version="1.0" encoding="UTF-8"?>
<!-- Generated by org.testng.reporters.JUnitReportReporter -->
<testsuite skipped="2" hostname="DESKTOP-B75F35K" name="smokeTest.ValidateSmokeTest" tests="22" failures="0" timestamp="13 Nov 2018 08:38:34 GMT" time="127.655" errors="0">
  <testcase name="ValidateLogin" time="12.443" classname="smokeTest.ValidateSmokeTest"/>
  <testcase name="ValidateMarkITPlacePage" time="4.212" classname="smokeTest.ValidateSmokeTest"/>
  <testcase name="ValidateManageTab" time="4.303" classname="smokeTest.ValidateSmokeTest"/>
  <testcase name="ValidateInsightTab" time="4.566" classname="smokeTest.ValidateSmokeTest"/>
  <testcase name="ValidateNotificationPage" time="3.666" classname="smokeTest.ValidateSmokeTest"/>
  <testcase name="ValidateLogo" time="6.770" classname="smokeTest.ValidateSmokeTest"/>
  <testcase name="ValidateMyProfile" time="10.280" classname="smokeTest.ValidateSmokeTest"/>
  <testcase name="ValidateEditProfile" time="8.606" classname="smokeTest.ValidateSmokeTest"/>
  <testcase name="ValidateChangePassword" time="8.269" classname="smokeTest.ValidateSmokeTest"/>
  <testcase name="ValidateAccountSettings" time="3.657" classname="smokeTest.ValidateSmokeTest"/>
  <testcase name="ValidateCatalogRestriction" time="3.521" classname="smokeTest.ValidateSmokeTest"/>
  <testcase name="ValidateDomainLink" time="3.713" classname="smokeTest.ValidateSmokeTest"/>
  <testcase name="ValidateSetNotifications" time="11.026" classname="smokeTest.ValidateSmokeTest"/>
  <testcase name="ValidateAddressPage" time="7.243" classname="smokeTest.ValidateSmokeTest"/>
  <testcase name="ValidateUsersPage" time="10.234" classname="smokeTest.ValidateSmokeTest"/>
  <testcase name="ValidateRequestTab" time="2.578" classname="smokeTest.ValidateSmokeTest"/>
  <testcase name="ValidateInviteTab" time="2.559" classname="smokeTest.ValidateSmokeTest"/>
  <testcase name="ValidateLogout" time="4.821" classname="smokeTest.ValidateSmokeTest"/>
  <testcase name="ValidateForgetPswd" time="10.095" classname="smokeTest.ValidateSmokeTest"/>
  <testcase name="ValidateRegPage" time="5.093" classname="smokeTest.ValidateSmokeTest"/>
  <testcase name="ValidateLoginUser" classname="smokeTest.ValidateSmokeTest">
    <skipped/>
  </testcase> <!-- ValidateLoginUser -->
  <testcase name="ValidateMyAccountList" classname="smokeTest.ValidateSmokeTest">
    <skipped/>
  </testcase> <!-- ValidateMyAccountList -->
</testsuite> <!-- smokeTest.ValidateSmokeTest -->
