<?xml version="1.0" encoding="UTF-8"?>
<!-- Generated by org.testng.reporters.JUnitReportReporter -->
<testsuite skipped="0" hostname="DESKTOP-B75F35K" name="smokeTest.ValidateSmokeTest" tests="9" failures="0" timestamp="25 Oct 2018 12:07:50 GMT" time="28.731" errors="0">
  <testcase name="ValidateLogin" time="7.929" classname="smokeTest.ValidateSmokeTest"/>
  <testcase name="ValidateMarkITPlacePage" time="2.087" classname="smokeTest.ValidateSmokeTest"/>
  <testcase name="ValidateManageTab" time="2.076" classname="smokeTest.ValidateSmokeTest"/>
  <testcase name="ValidateInsightTab" time="1.613" classname="smokeTest.ValidateSmokeTest"/>
  <testcase name="ValidateNotificationPage" time="1.732" classname="smokeTest.ValidateSmokeTest"/>
  <testcase name="ValidateLogo" time="1.835" classname="smokeTest.ValidateSmokeTest"/>
  <testcase name="ValidateLogout" time="2.000" classname="smokeTest.ValidateSmokeTest"/>
  <testcase name="ValidateForgetPswd" time="2.371" classname="smokeTest.ValidateSmokeTest"/>
  <testcase name="ValidateRegPage" time="7.088" classname="smokeTest.ValidateSmokeTest"/>
</testsuite> <!-- smokeTest.ValidateSmokeTest -->
