<?xml version="1.0" encoding="UTF-8"?>
<!-- Generated by org.testng.reporters.JUnitReportReporter -->
<testsuite skipped="2" hostname="DESKTOP-B75F35K" name="smokeTest.ValidateSmokeTest" tests="22" failures="0" timestamp="13 Nov 2018 08:59:13 GMT" time="122.766" errors="0">
  <testcase name="ValidateLogin" time="12.061" classname="smokeTest.ValidateSmokeTest"/>
  <testcase name="ValidateMarkITPlacePage" time="3.980" classname="smokeTest.ValidateSmokeTest"/>
  <testcase name="ValidateManageTab" time="3.846" classname="smokeTest.ValidateSmokeTest"/>
  <testcase name="ValidateInsightTab" time="4.589" classname="smokeTest.ValidateSmokeTest"/>
  <testcase name="ValidateNotificationPage" time="3.702" classname="smokeTest.ValidateSmokeTest"/>
  <testcase name="ValidateLogo" time="6.574" classname="smokeTest.ValidateSmokeTest"/>
  <testcase name="ValidateMyProfile" time="6.330" classname="smokeTest.ValidateSmokeTest"/>
  <testcase name="ValidateEditProfile" time="8.653" classname="smokeTest.ValidateSmokeTest"/>
  <testcase name="ValidateChangePassword" time="8.243" classname="smokeTest.ValidateSmokeTest"/>
  <testcase name="ValidateAccountSettings" time="3.656" classname="smokeTest.ValidateSmokeTest"/>
  <testcase name="ValidateCatalogRestriction" time="3.535" classname="smokeTest.ValidateSmokeTest"/>
  <testcase name="ValidateDomainLink" time="3.673" classname="smokeTest.ValidateSmokeTest"/>
  <testcase name="ValidateSetNotifications" time="11.067" classname="smokeTest.ValidateSmokeTest"/>
  <testcase name="ValidateAddressPage" time="7.288" classname="smokeTest.ValidateSmokeTest"/>
  <testcase name="ValidateUsersPage" time="10.277" classname="smokeTest.ValidateSmokeTest"/>
  <testcase name="ValidateRequestTab" time="2.577" classname="smokeTest.ValidateSmokeTest"/>
  <testcase name="ValidateInviteTab" time="2.619" classname="smokeTest.ValidateSmokeTest"/>
  <testcase name="ValidateLogout" time="4.987" classname="smokeTest.ValidateSmokeTest"/>
  <testcase name="ValidateForgetPswd" time="10.101" classname="smokeTest.ValidateSmokeTest"/>
  <testcase name="ValidateRegPage" time="5.008" classname="smokeTest.ValidateSmokeTest"/>
  <testcase name="ValidateLoginUser" classname="smokeTest.ValidateSmokeTest">
    <skipped/>
  </testcase> <!-- ValidateLoginUser -->
  <testcase name="ValidateMyAccountList" classname="smokeTest.ValidateSmokeTest">
    <skipped/>
  </testcase> <!-- ValidateMyAccountList -->
</testsuite> <!-- smokeTest.ValidateSmokeTest -->
