<?xml version="1.0" encoding="UTF-8"?>
<!-- Generated by org.testng.reporters.JUnitReportReporter -->
<testsuite skipped="3" hostname="DESKTOP-B75F35K" name="smokeTest.ValidateSmokeTest" tests="22" failures="0" timestamp="16 Nov 2018 03:28:58 GMT" time="-29.443" errors="0">
  <testcase name="ValidateLogin" time="14.771" classname="smokeTest.ValidateSmokeTest"/>
  <testcase name="ValidateMarkITPlacePage" time="4.052" classname="smokeTest.ValidateSmokeTest"/>
  <testcase name="ValidateManageTab" time="4.310" classname="smokeTest.ValidateSmokeTest"/>
  <testcase name="ValidateInsightTab" time="4.586" classname="smokeTest.ValidateSmokeTest"/>
  <testcase name="ValidateNotificationPage" time="3.734" classname="smokeTest.ValidateSmokeTest"/>
  <testcase name="ValidateLogo" time="7.230" classname="smokeTest.ValidateSmokeTest"/>
  <testcase name="ValidateMyProfile" time="338.711" classname="smokeTest.ValidateSmokeTest"/>
  <testcase name="ValidateEditProfile" time="8.638" classname="smokeTest.ValidateSmokeTest"/>
  <testcase name="ValidateChangePassword" time="8.236" classname="smokeTest.ValidateSmokeTest"/>
  <testcase name="ValidateAccountSettings" time="3.513" classname="smokeTest.ValidateSmokeTest"/>
  <testcase name="ValidateCatalogRestriction" time="3.465" classname="smokeTest.ValidateSmokeTest"/>
  <testcase name="ValidateDomainLink" time="3.560" classname="smokeTest.ValidateSmokeTest"/>
  <testcase name="ValidateAddressPage" time="-473.924" classname="smokeTest.ValidateSmokeTest"/>
  <testcase name="ValidateUsersPage" time="10.201" classname="smokeTest.ValidateSmokeTest"/>
  <testcase name="ValidateRequestTab" time="3.660" classname="smokeTest.ValidateSmokeTest"/>
  <testcase name="ValidateInviteTab" time="2.590" classname="smokeTest.ValidateSmokeTest"/>
  <testcase name="ValidateLogout" time="5.083" classname="smokeTest.ValidateSmokeTest"/>
  <testcase name="ValidateForgetPswd" time="11.373" classname="smokeTest.ValidateSmokeTest"/>
  <testcase name="ValidateRegPage" time="6.768" classname="smokeTest.ValidateSmokeTest"/>
  <testcase name="ValidateSetNotifications" classname="smokeTest.ValidateSmokeTest">
    <skipped/>
  </testcase> <!-- ValidateSetNotifications -->
  <testcase name="ValidateLoginUser" classname="smokeTest.ValidateSmokeTest">
    <skipped/>
  </testcase> <!-- ValidateLoginUser -->
  <testcase name="ValidateMyAccountList" classname="smokeTest.ValidateSmokeTest">
    <skipped/>
  </testcase> <!-- ValidateMyAccountList -->
</testsuite> <!-- smokeTest.ValidateSmokeTest -->
