<?xml version="1.0" encoding="UTF-8"?>
<!-- Generated by org.testng.reporters.JUnitReportReporter -->
<testsuite skipped="5" hostname="DESKTOP-B75F35K" name="smokeTest.ValidateSmokeTest" tests="22" failures="0" timestamp="19 Nov 2018 10:00:53 GMT" time="417.737" errors="0">
  <testcase name="ValidateLogin" time="10.950" classname="smokeTest.ValidateSmokeTest"/>
  <testcase name="ValidateMarkITPlacePage" time="4.127" classname="smokeTest.ValidateSmokeTest"/>
  <testcase name="ValidateManageTab" time="4.222" classname="smokeTest.ValidateSmokeTest"/>
  <testcase name="ValidateInsightTab" time="4.600" classname="smokeTest.ValidateSmokeTest"/>
  <testcase name="ValidateNotificationPage" time="3.631" classname="smokeTest.ValidateSmokeTest"/>
  <testcase name="ValidateLogo" time="6.873" classname="smokeTest.ValidateSmokeTest"/>
  <testcase name="ValidateMyProfile" time="9.146" classname="smokeTest.ValidateSmokeTest"/>
  <testcase name="ValidateEditProfile" time="8.805" classname="smokeTest.ValidateSmokeTest"/>
  <testcase name="ValidateChangePassword" time="8.287" classname="smokeTest.ValidateSmokeTest"/>
  <testcase name="ValidateCatalogRestriction" time="3.597" classname="smokeTest.ValidateSmokeTest"/>
  <testcase name="ValidateDomainLink" time="3.641" classname="smokeTest.ValidateSmokeTest"/>
  <testcase name="ValidateUsersPage" time="17.766" classname="smokeTest.ValidateSmokeTest"/>
  <testcase name="ValidateRequestTab" time="3.628" classname="smokeTest.ValidateSmokeTest"/>
  <testcase name="ValidateInviteTab" time="2.636" classname="smokeTest.ValidateSmokeTest"/>
  <testcase name="ValidateLogout" time="310.449" classname="smokeTest.ValidateSmokeTest"/>
  <testcase name="ValidateForgetPswd" time="10.168" classname="smokeTest.ValidateSmokeTest"/>
  <testcase name="ValidateRegPage" time="5.211" classname="smokeTest.ValidateSmokeTest"/>
  <testcase name="ValidateAccountSettings" classname="smokeTest.ValidateSmokeTest">
    <skipped/>
  </testcase> <!-- ValidateAccountSettings -->
  <testcase name="ValidateSetNotifications" classname="smokeTest.ValidateSmokeTest">
    <skipped/>
  </testcase> <!-- ValidateSetNotifications -->
  <testcase name="ValidateLoginUser" classname="smokeTest.ValidateSmokeTest">
    <skipped/>
  </testcase> <!-- ValidateLoginUser -->
  <testcase name="ValidateMyAccountList" classname="smokeTest.ValidateSmokeTest">
    <skipped/>
  </testcase> <!-- ValidateMyAccountList -->
  <testcase name="ValidateAddressPage" classname="smokeTest.ValidateSmokeTest">
    <skipped/>
  </testcase> <!-- ValidateAddressPage -->
</testsuite> <!-- smokeTest.ValidateSmokeTest -->
